<?xml version="1.0" encoding="UTF-8"?>
<testsuites name="jest tests" tests="3" failures="0" errors="0" time="0.628">
  <testsuite name="Borrower Creation" errors="0" failures="0" skipped="0" timestamp="2025-01-02T19:39:00" time="0.297" tests="3">
    <testcase classname="Borrower Creation should create a borrower linked to an entity" name="Borrower Creation should create a borrower linked to an entity" time="0.003">
    </testcase>
    <testcase classname="Borrower Creation should fail to create borrower for non-existent entity" name="Borrower Creation should fail to create borrower for non-existent entity" time="0.012">
    </testcase>
    <testcase classname="Borrower Creation should fail to create duplicate borrower for same entity" name="Borrower Creation should fail to create duplicate borrower for same entity" time="0.001">
    </testcase>
  </testsuite>
</testsuites>