<?xml version="1.0" encoding="UTF-8"?>
<testsuites name="jest tests" tests="4" failures="0" errors="0" time="0.55">
  <testsuite name="createLoan" errors="0" failures="0" skipped="0" timestamp="2024-12-28T18:07:48" time="0.217" tests="4">
    <testcase classname="createLoan should create a loan successfully" name="createLoan should create a loan successfully" time="0.002">
    </testcase>
    <testcase classname="createLoan should throw error if facility not found" name="createLoan should throw error if facility not found" time="0.013">
    </testcase>
    <testcase classname="createLoan should throw error if currency mismatch" name="createLoan should throw error if currency mismatch" time="0.001">
    </testcase>
    <testcase classname="createLoan should throw error if insufficient available amount" name="createLoan should throw error if insufficient available amount" time="0.001">
    </testcase>
  </testsuite>
</testsuites>